non extension file create manually 

create by using cmd an .env file ignored by git npm bit 

dark fuel @n-numbers

white fuel @s-string

create an engine using generator converting optical chord simulation 

translate back to show diagnose

hot-red-q@r-rules

bar-@b-li-ue-ur-eye-ear-nose color-space moisture temprature 

vision -..........,\\\\«««««««««««««««««««««««‘««««««|»»»»»»»»»»»»»»»»»»»»»»»»»»»

hex color-space; #ffff #0000 #cccc

blocks R G B »»» {[]}

var ar-ray=[]
properties=color; [vibgyor][baijAnIhjgapEnAlA] ;

producer ; 
generator;
see adobe ; panel ref ; control buckets 



install npm install -g npm


(base) apples-iMac-4:ignores apple$ npm install -g npm
bash: npm: command not found
(base) apples-iMac-4:ignores apple$ nvm install 14.7.0
Downloading and installing node v14.7.0...
Downloading https://nodejs.org/dist/v14.7.0/node-v14.7.0-darwin-x64.tar.xz...
##################################################################################################################################################### 100.0%
Computing checksum with shasum -a 256
Checksums matched!
Now using node v14.7.0 (npm v6.14.7)

(base) apples-iMac-4:ignores apple$ nvm install 14.7.0
Downloading and installing node v14.7.0...
Downloading https://nodejs.org/dist/v14.7.0/node-v14.7.0-darwin-x64.tar.xz...
##################################################################################################################################################### 100.0%
Computing checksum with shasum -a 256
Checksums matched!
Now using node v14.7.0 (npm v6.14.7)
(base) apples-iMac-4:ignores apple$ npm i npx
npm WARN read-shrinkwrap This version of npm is compatible with lockfileVersion@1, but package-lock.json was generated for lockfileVersion@2. I'll try to do my best with it!
npm WARN apple No description
npm WARN apple No repository field.
npm WARN apple No license field.

+ npx@10.2.2
added 493 packages from 654 contributors, updated 218 packages and audited 711 packages in 26.838s

11 packages are looking for funding
  run `npm fund` for details

found 92 vulnerabilities (6 low, 44 moderate, 37 high, 5 critical)
  run `npm audit fix` to fix them, or `npm audit` for details



found 92 vulnerabilities (6 low, 44 moderate, 37 high, 5 critical)
  run `npm audit fix` to fix them, or `npm audit` for details
(base) apples-iMac-4:ignores apple$ npm init -y
Wrote to /Users/apple/Desktop/test/sw-test/ignores/package.json:

{
  "name": "ignores",
  "version": "1.0.0",
  "description": "non extension file create manually",
  "main": "index.js",
  "scripts": {
    "test": "echo \"Error: no test specified\" && exit 1"
  },
  "keywords": [],
  "author": "",
  "license": "ISC"
}


(base) apples-iMac-4:ignores apple$ npm run test

> ignores@1.0.0 test /Users/apple/Desktop/test/sw-test/ignores
> echo "Error: no test specified" && exit 1

Error: no test specified
npm ERR! code ELIFECYCLE
npm ERR! errno 1
npm ERR! ignores@1.0.0 test: `echo "Error: no test specified" && exit 1`
npm ERR! Exit status 1
npm ERR! 
npm ERR! Failed at the ignores@1.0.0 test script.
npm ERR! This is probably not a problem with npm. There is likely additional logging output above.
npm WARN Local package.json exists, but node_modules missing, did you mean to install?

npm ERR! A complete log of this run can be found in:
npm ERR!     /Users/apple/.npm/_logs/2021-11-01T09_13_54_341Z-debug.log


ek-dibbi-banao

usay-cdn-par-acticate-karo

